Determining if the pthread_create exist failed with the following output:
Change Dir: /home/zbynek/Programowanie/RiemannTensor/lib/gmock-1.7.0/CMakeFiles/CMakeTmp

Run Build Command:/usr/bin/make "cmTryCompileExec4196074866/fast"
/usr/bin/make -f CMakeFiles/cmTryCompileExec4196074866.dir/build.make CMakeFiles/cmTryCompileExec4196074866.dir/build
make[1]: Wejście do katalogu `/home/zbynek/Programowanie/RiemannTensor/lib/gmock-1.7.0/CMakeFiles/CMakeTmp'
/usr/bin/cmake -E cmake_progress_report /home/zbynek/Programowanie/RiemannTensor/lib/gmock-1.7.0/CMakeFiles/CMakeTmp/CMakeFiles 1
Building C object CMakeFiles/cmTryCompileExec4196074866.dir/CheckSymbolExists.c.o
/usr/bin/cc    -o CMakeFiles/cmTryCompileExec4196074866.dir/CheckSymbolExists.c.o   -c /home/zbynek/Programowanie/RiemannTensor/lib/gmock-1.7.0/CMakeFiles/CMakeTmp/CheckSymbolExists.c
Linking C executable cmTryCompileExec4196074866
/usr/bin/cmake -E cmake_link_script CMakeFiles/cmTryCompileExec4196074866.dir/link.txt --verbose=1
/usr/bin/cc       CMakeFiles/cmTryCompileExec4196074866.dir/CheckSymbolExists.c.o  -o cmTryCompileExec4196074866 -rdynamic 
CMakeFiles/cmTryCompileExec4196074866.dir/CheckSymbolExists.c.o: In function `main':
CheckSymbolExists.c:(.text+0x16): undefined reference to `pthread_create'
collect2: error: ld returned 1 exit status
make[1]: Opuszczenie katalogu `/home/zbynek/Programowanie/RiemannTensor/lib/gmock-1.7.0/CMakeFiles/CMakeTmp'
make[1]: *** [cmTryCompileExec4196074866] Błąd 1
make: *** [cmTryCompileExec4196074866/fast] Błąd 2

File /home/zbynek/Programowanie/RiemannTensor/lib/gmock-1.7.0/CMakeFiles/CMakeTmp/CheckSymbolExists.c:
/* */
#include <pthread.h>

int main(int argc, char** argv)
{
  (void)argv;
#ifndef pthread_create
  return ((int*)(&pthread_create))[argc];
#else
  (void)argc;
  return 0;
#endif
}

Determining if the function pthread_create exists in the pthreads failed with the following output:
Change Dir: /home/zbynek/Programowanie/RiemannTensor/lib/gmock-1.7.0/CMakeFiles/CMakeTmp

Run Build Command:/usr/bin/make "cmTryCompileExec3102238706/fast"
/usr/bin/make -f CMakeFiles/cmTryCompileExec3102238706.dir/build.make CMakeFiles/cmTryCompileExec3102238706.dir/build
make[1]: Wejście do katalogu `/home/zbynek/Programowanie/RiemannTensor/lib/gmock-1.7.0/CMakeFiles/CMakeTmp'
/usr/bin/cmake -E cmake_progress_report /home/zbynek/Programowanie/RiemannTensor/lib/gmock-1.7.0/CMakeFiles/CMakeTmp/CMakeFiles 1
Building C object CMakeFiles/cmTryCompileExec3102238706.dir/CheckFunctionExists.c.o
/usr/bin/cc   -DCHECK_FUNCTION_EXISTS=pthread_create   -o CMakeFiles/cmTryCompileExec3102238706.dir/CheckFunctionExists.c.o   -c /usr/share/cmake-2.8/Modules/CheckFunctionExists.c
Linking C executable cmTryCompileExec3102238706
/usr/bin/cmake -E cmake_link_script CMakeFiles/cmTryCompileExec3102238706.dir/link.txt --verbose=1
/usr/bin/cc   -DCHECK_FUNCTION_EXISTS=pthread_create    CMakeFiles/cmTryCompileExec3102238706.dir/CheckFunctionExists.c.o  -o cmTryCompileExec3102238706 -rdynamic -lpthreads 
/usr/bin/ld: cannot find -lpthreads
collect2: error: ld returned 1 exit status
make[1]: Opuszczenie katalogu `/home/zbynek/Programowanie/RiemannTensor/lib/gmock-1.7.0/CMakeFiles/CMakeTmp'
make[1]: *** [cmTryCompileExec3102238706] Błąd 1
make: *** [cmTryCompileExec3102238706/fast] Błąd 2


